The length ratio between the shortest and the longest model edges is 1:12075.
Short model edges can be highlighted via Mesh:Mesh Control->Check Mesh->Check
Model Edge Length.... (It may be advantageous to model the metallizations as
infinitely thin sheets.) More...

--------------------------------------------------------------------------------
Units settings: 

  Dimensions: um
  Frequency:  GHz
  Time:       ns

--------------------------------------------------------------------------------
Boundary conditions: 

  YZsymmetry: none
  XZsymmetry: none
  XYsymmetry: none

  Xmin: electric
  Xmax: electric

  Ymin: electric
  Ymax: electric

  Zmin: electric
  Zmax: electric

--------------------------------------------------------------------------------
Order settings: 

  Solver order   : 2nd (constant)
  Curved elements: up to order 3 (automatic)

--------------------------------------------------------------------------------
  Mesh time                :	2 s


--------------------------------------------------------------------------------

================================================================================
Frequency Domain Solver calculation cycle started

--------------------------------------------------------------------------------
Solver started at: 02:51 PM Tuesday, 20. November 2018

  Module:  Frequency Domain: S-Parameter (MOR) (Win 64)
  Version: 2018.0 Release from 2017-10-26 (change 556462)

--------------------------------------------------------------------------------
  Calculation 1 of 1 (Frequency: 15.5 GHz)


--------------------------------------------------------------------------------
Using electric shielding for ports 1, 2, 3, 4.

--------------------------------------------------------------------------------
  ----------------------------------------------------------------------------
  Port   Mode   Type        Z-Wave        Z-Wave-Sigma  Z-Line        F-Cutoff
  1      1      UNDEF       21.1          0.076         ---           ---
  ----------------------------------------------------------------------------


--------------------------------------------------------------------------------
  ----------------------------------------------------------------------------
  Port   Mode   Type        Z-Wave        Z-Wave-Sigma  Z-Line        F-Cutoff
  2      1      UNDEF       21.2          0.0553        ---           ---
  ----------------------------------------------------------------------------


--------------------------------------------------------------------------------
  ----------------------------------------------------------------------------
  Port   Mode   Type        Z-Wave        Z-Wave-Sigma  Z-Line        F-Cutoff
  3      1      UNDEF       21.4          0.0242        ---           ---
  ----------------------------------------------------------------------------


--------------------------------------------------------------------------------
  ----------------------------------------------------------------------------
  Port   Mode   Type        Z-Wave        Z-Wave-Sigma  Z-Line        F-Cutoff
  4      1      UNDEF       21.3          0.0508        ---           ---
  ----------------------------------------------------------------------------


--------------------------------------------------------------------------------
  ----------------------------------------------------------------------------
  Port   Mode   Type        Z-Wave        Z-Wave-Sigma  Z-Line        F-Cutoff
  1      1      UNDEF       21.1          0.076         ---           ---
  ----------------------------------------------------------------------------


--------------------------------------------------------------------------------
  ----------------------------------------------------------------------------
  Port   Mode   Type        Z-Wave        Z-Wave-Sigma  Z-Line        F-Cutoff
  2      1      UNDEF       21.2          0.0553        ---           ---
  ----------------------------------------------------------------------------


--------------------------------------------------------------------------------
  ----------------------------------------------------------------------------
  Port   Mode   Type        Z-Wave        Z-Wave-Sigma  Z-Line        F-Cutoff
  3      1      UNDEF       21.4          0.0394        ---           ---
  ----------------------------------------------------------------------------


--------------------------------------------------------------------------------
  ----------------------------------------------------------------------------
  Port   Mode   Type        Z-Wave        Z-Wave-Sigma  Z-Line        F-Cutoff
  4      1      UNDEF       21.3          0.0508        ---           ---
  ----------------------------------------------------------------------------


--------------------------------------------------------------------------------
Please consider improving the initial mesh.  More...

--------------------------------------------------------------------------------
The wavelength based mesh refinement has been applied to 4.5% of all mesh edges.

--------------------------------------------------------------------------------
  ----------------------------------------------------------------------------
  Port   Mode   Type        Z-Wave        Z-Wave-Sigma  Z-Line        F-Cutoff
  1      1      UNDEF       21            0.0813        ---           ---
  ----------------------------------------------------------------------------


--------------------------------------------------------------------------------
  ----------------------------------------------------------------------------
  Port   Mode   Type        Z-Wave        Z-Wave-Sigma  Z-Line        F-Cutoff
  2      1      UNDEF       21.2          0.0422        ---           ---
  ----------------------------------------------------------------------------


--------------------------------------------------------------------------------
  ----------------------------------------------------------------------------
  Port   Mode   Type        Z-Wave        Z-Wave-Sigma  Z-Line        F-Cutoff
  3      1      UNDEF       21.3          0.0657        ---           ---
  ----------------------------------------------------------------------------


--------------------------------------------------------------------------------
  ----------------------------------------------------------------------------
  Port   Mode   Type        Z-Wave        Z-Wave-Sigma  Z-Line        F-Cutoff
  4      1      UNDEF       21.4          0.0397        ---           ---
  ----------------------------------------------------------------------------


--------------------------------------------------------------------------------
Adaptive mesh refinement pass 1

--------------------------------------------------------------------------------
Performing block excitation with block size 2 and 2 threads.  More...

--------------------------------------------------------------------------------
  Matrix setup time        :	1 s
  Degrees of freedom       :	20652
  Number of mesh cells     :	3175

  Stimulation port         :	1
  Mode number              :	1
  Accuracy                 :	1.838e-12
  Iterations               :	1
  Solver time              :	0 s


--------------------------------------------------------------------------------
  Stimulation port         :	2
  Mode number              :	1
  Accuracy                 :	8.8604e-13
  Iterations               :	1
  Solver time              :	0 s


--------------------------------------------------------------------------------
  Stimulation port         :	3
  Mode number              :	1
  Accuracy                 :	2.69927e-12
  Iterations               :	1
  Solver time              :	0 s


--------------------------------------------------------------------------------
  Stimulation port         :	4
  Mode number              :	1
  Accuracy                 :	1.00096e-12
  Iterations               :	1
  Solver time              :	0 s


--------------------------------------------------------------------------------
4% of all mesh edges seem to be longer than expected. The adaptive mesh 
refinement's growth limitation will therefore use 4046 instead of 1794 mesh 
cells as a reference.

--------------------------------------------------------------------------------
The quality of some tetrahedrons is low.  More...

--------------------------------------------------------------------------------
  ----------------------------------------------------------------------------
  Port   Mode   Type        Z-Wave        Z-Wave-Sigma  Z-Line        F-Cutoff
  1      1      UNDEF       21            0.0588        ---           ---
  ----------------------------------------------------------------------------


--------------------------------------------------------------------------------
  ----------------------------------------------------------------------------
  Port   Mode   Type        Z-Wave        Z-Wave-Sigma  Z-Line        F-Cutoff
  2      1      UNDEF       21.1          0.0261        ---           ---
  ----------------------------------------------------------------------------


--------------------------------------------------------------------------------
  ----------------------------------------------------------------------------
  Port   Mode   Type        Z-Wave        Z-Wave-Sigma  Z-Line        F-Cutoff
  3      1      UNDEF       21.2          0.0133        ---           ---
  ----------------------------------------------------------------------------


--------------------------------------------------------------------------------
  ----------------------------------------------------------------------------
  Port   Mode   Type        Z-Wave        Z-Wave-Sigma  Z-Line        F-Cutoff
  4      1      UNDEF       21.3          0.0379        ---           ---
  ----------------------------------------------------------------------------


--------------------------------------------------------------------------------
Adaptive mesh refinement pass 2

--------------------------------------------------------------------------------
  Matrix setup time        :	1 s
  Degrees of freedom       :	24094
  Number of mesh cells     :	3693

  Stimulation port         :	1
  Mode number              :	1
  Accuracy                 :	7.91113e-13
  Iterations               :	1
  Solver time              :	0 s


--------------------------------------------------------------------------------
  Stimulation port         :	2
  Mode number              :	1
  Accuracy                 :	1.71831e-12
  Iterations               :	1
  Solver time              :	0 s


--------------------------------------------------------------------------------
  Stimulation port         :	3
  Mode number              :	1
  Accuracy                 :	1.59797e-12
  Iterations               :	1
  Solver time              :	0 s


--------------------------------------------------------------------------------
  Stimulation port         :	4
  Mode number              :	1
  Accuracy                 :	8.05856e-13
  Iterations               :	1
  Solver time              :	0 s


--------------------------------------------------------------------------------
  Delta calculation        
  All S-Parameters         :	0.0836482


--------------------------------------------------------------------------------
The input reflection seems to be large at 15.5 GHz. The adaptive mesh refinement
at this sample will be stopped. A new mesh adaptation frequency has been added 
for the monitor at 14 GHz.  More...

--------------------------------------------------------------------------------
  Generating results       :	1 s

  Total time               :	16 s

--------------------------------------------------------------------------------


--------------------------------------------------------------------------------
  Calculation 2 of 2 (Frequency: 14 GHz)


--------------------------------------------------------------------------------
  ----------------------------------------------------------------------------
  Port   Mode   Type        Z-Wave        Z-Wave-Sigma  Z-Line        F-Cutoff
  1      1      UNDEF       19.2          0.0535        ---           ---
  ----------------------------------------------------------------------------


--------------------------------------------------------------------------------
  ----------------------------------------------------------------------------
  Port   Mode   Type        Z-Wave        Z-Wave-Sigma  Z-Line        F-Cutoff
  2      1      UNDEF       19.3          0.0239        ---           ---
  ----------------------------------------------------------------------------


--------------------------------------------------------------------------------
  ----------------------------------------------------------------------------
  Port   Mode   Type        Z-Wave        Z-Wave-Sigma  Z-Line        F-Cutoff
  3      1      UNDEF       19.4          0.0124        ---           ---
  ----------------------------------------------------------------------------


--------------------------------------------------------------------------------
  ----------------------------------------------------------------------------
  Port   Mode   Type        Z-Wave        Z-Wave-Sigma  Z-Line        F-Cutoff
  4      1      UNDEF       19.4          0.0347        ---           ---
  ----------------------------------------------------------------------------


--------------------------------------------------------------------------------
Adaptive mesh refinement pass 1

--------------------------------------------------------------------------------
  Matrix setup time        :	0 s
  Solver setup             :	1 s
  Degrees of freedom       :	24094
  Number of mesh cells     :	3693

  Stimulation port         :	1
  Mode number              :	1
  Accuracy                 :	2.29863e-12
  Iterations               :	1
  Solver time              :	0 s


--------------------------------------------------------------------------------
  Stimulation port         :	2
  Mode number              :	1
  Accuracy                 :	5.12266e-12
  Iterations               :	1
  Solver time              :	0 s


--------------------------------------------------------------------------------
  Stimulation port         :	3
  Mode number              :	1
  Accuracy                 :	2.11481e-12
  Iterations               :	1
  Solver time              :	0 s


--------------------------------------------------------------------------------
  Stimulation port         :	4
  Mode number              :	1
  Accuracy                 :	2.91677e-12
  Iterations               :	1
  Solver time              :	0 s


--------------------------------------------------------------------------------
The input reflection seems to be large at 14 GHz. The adaptive mesh refinement 
at this sample will be stopped. A new mesh adaptation frequency has been added 
at 22.75 GHz.  More...

--------------------------------------------------------------------------------
  Total time               :	1 s

--------------------------------------------------------------------------------


--------------------------------------------------------------------------------
  Calculation 3 of 3 (Frequency: 22.75 GHz)


--------------------------------------------------------------------------------
  ----------------------------------------------------------------------------
  Port   Mode   Type        Z-Wave        Z-Wave-Sigma  Z-Line        F-Cutoff
  1      1      UNDEF       29.9          0.0845        ---           ---
  ----------------------------------------------------------------------------


--------------------------------------------------------------------------------
  ----------------------------------------------------------------------------
  Port   Mode   Type        Z-Wave        Z-Wave-Sigma  Z-Line        F-Cutoff
  2      1      UNDEF       30.1          0.0365        ---           ---
  ----------------------------------------------------------------------------


--------------------------------------------------------------------------------
  ----------------------------------------------------------------------------
  Port   Mode   Type        Z-Wave        Z-Wave-Sigma  Z-Line        F-Cutoff
  3      1      UNDEF       30.2          0.0179        ---           ---
  ----------------------------------------------------------------------------


--------------------------------------------------------------------------------
  ----------------------------------------------------------------------------
  Port   Mode   Type        Z-Wave        Z-Wave-Sigma  Z-Line        F-Cutoff
  4      1      UNDEF       30.3          0.053         ---           ---
  ----------------------------------------------------------------------------


--------------------------------------------------------------------------------
Adaptive mesh refinement pass 1

--------------------------------------------------------------------------------
  Matrix setup time        :	1 s
  Degrees of freedom       :	24094
  Number of mesh cells     :	3693

  Stimulation port         :	1
  Mode number              :	1
  Accuracy                 :	2.47736e-12
  Iterations               :	1
  Solver time              :	0 s


--------------------------------------------------------------------------------
  Stimulation port         :	2
  Mode number              :	1
  Accuracy                 :	1.37792e-12
  Iterations               :	1
  Solver time              :	0 s


--------------------------------------------------------------------------------
  Stimulation port         :	3
  Mode number              :	1
  Accuracy                 :	1.60271e-12
  Iterations               :	1
  Solver time              :	0 s


--------------------------------------------------------------------------------
  Stimulation port         :	4
  Mode number              :	1
  Accuracy                 :	7.78689e-13
  Iterations               :	1
  Solver time              :	0 s


--------------------------------------------------------------------------------
The input reflection seems to be large at 22.75 GHz. The adaptive mesh 
refinement at this sample will be stopped. A new mesh adaptation frequency has 
been added at 8.25 GHz.  More...

--------------------------------------------------------------------------------
  Total time               :	1 s

--------------------------------------------------------------------------------


--------------------------------------------------------------------------------
  Calculation 4 of 4 (Frequency: 8.25 GHz)


--------------------------------------------------------------------------------
  ----------------------------------------------------------------------------
  Port   Mode   Type        Z-Wave        Z-Wave-Sigma  Z-Line        F-Cutoff
  1      1      UNDEF       12.1          0.0332        ---           ---
  ----------------------------------------------------------------------------


--------------------------------------------------------------------------------
  ----------------------------------------------------------------------------
  Port   Mode   Type        Z-Wave        Z-Wave-Sigma  Z-Line        F-Cutoff
  2      1      UNDEF       12.2          0.0155        ---           ---
  ----------------------------------------------------------------------------


--------------------------------------------------------------------------------
  ----------------------------------------------------------------------------
  Port   Mode   Type        Z-Wave        Z-Wave-Sigma  Z-Line        F-Cutoff
  3      1      UNDEF       12.2          0.00852       ---           ---
  ----------------------------------------------------------------------------


--------------------------------------------------------------------------------
  ----------------------------------------------------------------------------
  Port   Mode   Type        Z-Wave        Z-Wave-Sigma  Z-Line        F-Cutoff
  4      1      UNDEF       12.3          0.0225        ---           ---
  ----------------------------------------------------------------------------


--------------------------------------------------------------------------------
Adaptive mesh refinement pass 1

--------------------------------------------------------------------------------
  Matrix setup time        :	0 s
  Degrees of freedom       :	24094
  Number of mesh cells     :	3693

  Stimulation port         :	1
  Mode number              :	1
  Accuracy                 :	1.06374e-12
  Iterations               :	1
  Solver time              :	1 s


--------------------------------------------------------------------------------
  Stimulation port         :	2
  Mode number              :	1
  Accuracy                 :	2.40169e-12
  Iterations               :	1
  Solver time              :	1 s


--------------------------------------------------------------------------------
  Stimulation port         :	3
  Mode number              :	1
  Accuracy                 :	1.71025e-12
  Iterations               :	1
  Solver time              :	0 s


--------------------------------------------------------------------------------
  Stimulation port         :	4
  Mode number              :	1
  Accuracy                 :	1.07789e-12
  Iterations               :	1
  Solver time              :	0 s


--------------------------------------------------------------------------------
The input reflection seems to be large at 8.25 GHz. The adaptive mesh refinement
at this sample will be stopped. A new mesh adaptation frequency has been added 
at 1 GHz.  More...

--------------------------------------------------------------------------------
  Total time               :	2 s

--------------------------------------------------------------------------------


--------------------------------------------------------------------------------
  Calculation 5 of 5 (Frequency: 1 GHz)


--------------------------------------------------------------------------------
  ----------------------------------------------------------------------------
  Port   Mode   Type        Z-Wave        Z-Wave-Sigma  Z-Line        F-Cutoff
  1      1      UNDEF       0.474         0             ---           ---
  ----------------------------------------------------------------------------


--------------------------------------------------------------------------------
  ----------------------------------------------------------------------------
  Port   Mode   Type        Z-Wave        Z-Wave-Sigma  Z-Line        F-Cutoff
  2      1      UNDEF       0.354         0             ---           ---
  ----------------------------------------------------------------------------


--------------------------------------------------------------------------------
  ----------------------------------------------------------------------------
  Port   Mode   Type        Z-Wave        Z-Wave-Sigma  Z-Line        F-Cutoff
  3      1      UNDEF       0.516         0             ---           ---
  ----------------------------------------------------------------------------


--------------------------------------------------------------------------------
  ----------------------------------------------------------------------------
  Port   Mode   Type        Z-Wave        Z-Wave-Sigma  Z-Line        F-Cutoff
  4      1      UNDEF       0.363         0             ---           ---
  ----------------------------------------------------------------------------


--------------------------------------------------------------------------------
Adaptive mesh refinement pass 1

--------------------------------------------------------------------------------
  Matrix setup time        :	0 s
  Degrees of freedom       :	24094
  Number of mesh cells     :	3693

  Stimulation port         :	1
  Mode number              :	1
  Accuracy                 :	3.03324e-12
  Iterations               :	1
  Solver time              :	0 s


--------------------------------------------------------------------------------
  Stimulation port         :	2
  Mode number              :	1
  Accuracy                 :	2.59503e-12
  Iterations               :	1
  Solver time              :	0 s


--------------------------------------------------------------------------------
  Stimulation port         :	3
  Mode number              :	1
  Accuracy                 :	8.68775e-13
  Iterations               :	1
  Solver time              :	0 s


--------------------------------------------------------------------------------
  Stimulation port         :	4
  Mode number              :	1
  Accuracy                 :	1.91156e-12
  Iterations               :	1
  Solver time              :	0 s


--------------------------------------------------------------------------------
The quality of some tetrahedrons is low.  More...

--------------------------------------------------------------------------------
  ----------------------------------------------------------------------------
  Port   Mode   Type        Z-Wave        Z-Wave-Sigma  Z-Line        F-Cutoff
  1      1      UNDEF       0.473         0             ---           ---
  ----------------------------------------------------------------------------


--------------------------------------------------------------------------------
  ----------------------------------------------------------------------------
  Port   Mode   Type        Z-Wave        Z-Wave-Sigma  Z-Line        F-Cutoff
  2      1      UNDEF       0.352         0             ---           ---
  ----------------------------------------------------------------------------


--------------------------------------------------------------------------------
  ----------------------------------------------------------------------------
  Port   Mode   Type        Z-Wave        Z-Wave-Sigma  Z-Line        F-Cutoff
  3      1      UNDEF       0.514         0             ---           ---
  ----------------------------------------------------------------------------


--------------------------------------------------------------------------------
  ----------------------------------------------------------------------------
  Port   Mode   Type        Z-Wave        Z-Wave-Sigma  Z-Line        F-Cutoff
  4      1      UNDEF       0.489         0             ---           ---
  ----------------------------------------------------------------------------


--------------------------------------------------------------------------------
Adaptive mesh refinement pass 2

--------------------------------------------------------------------------------
  Matrix setup time        :	0 s
  Degrees of freedom       :	27666
  Number of mesh cells     :	4222

  Stimulation port         :	1
  Mode number              :	1
  Accuracy                 :	2.27535e-12
  Iterations               :	1
  Solver time              :	0 s


--------------------------------------------------------------------------------
  Stimulation port         :	2
  Mode number              :	1
  Accuracy                 :	3.64836e-12
  Iterations               :	1
  Solver time              :	0 s


--------------------------------------------------------------------------------
  Stimulation port         :	3
  Mode number              :	1
  Accuracy                 :	1.11643e-12
  Iterations               :	1
  Solver time              :	0 s


--------------------------------------------------------------------------------
  Stimulation port         :	4
  Mode number              :	1
  Accuracy                 :	1.37452e-12
  Iterations               :	1
  Solver time              :	0 s


--------------------------------------------------------------------------------
  Delta calculation        
  All S-Parameters         :	0.167066


--------------------------------------------------------------------------------
The quality of some tetrahedrons is low.  More...

--------------------------------------------------------------------------------
  ----------------------------------------------------------------------------
  Port   Mode   Type        Z-Wave        Z-Wave-Sigma  Z-Line        F-Cutoff
  1      1      UNDEF       0.47          0             ---           ---
  ----------------------------------------------------------------------------


--------------------------------------------------------------------------------
  ----------------------------------------------------------------------------
  Port   Mode   Type        Z-Wave        Z-Wave-Sigma  Z-Line        F-Cutoff
  2      1      UNDEF       0.352         0             ---           ---
  ----------------------------------------------------------------------------


--------------------------------------------------------------------------------
  ----------------------------------------------------------------------------
  Port   Mode   Type        Z-Wave        Z-Wave-Sigma  Z-Line        F-Cutoff
  3      1      UNDEF       0.498         0             ---           ---
  ----------------------------------------------------------------------------


--------------------------------------------------------------------------------
  ----------------------------------------------------------------------------
  Port   Mode   Type        Z-Wave        Z-Wave-Sigma  Z-Line        F-Cutoff
  4      1      UNDEF       0.487         0             ---           ---
  ----------------------------------------------------------------------------


--------------------------------------------------------------------------------
Adaptive mesh refinement pass 3

--------------------------------------------------------------------------------
  Matrix setup time        :	1 s
  Degrees of freedom       :	33258
  Number of mesh cells     :	5071

  Stimulation port         :	1
  Mode number              :	1
  Accuracy                 :	1.97144e-12
  Iterations               :	1
  Solver time              :	0 s


--------------------------------------------------------------------------------
  Stimulation port         :	2
  Mode number              :	1
  Accuracy                 :	9.2692e-13
  Iterations               :	1
  Solver time              :	0 s


--------------------------------------------------------------------------------
  Stimulation port         :	3
  Mode number              :	1
  Accuracy                 :	2.25016e-12
  Iterations               :	1
  Solver time              :	0 s


--------------------------------------------------------------------------------
  Stimulation port         :	4
  Mode number              :	1
  Accuracy                 :	1.504e-12
  Iterations               :	1
  Solver time              :	0 s


--------------------------------------------------------------------------------
  Delta calculation        
  All S-Parameters         :	0.0867316


--------------------------------------------------------------------------------
The quality of some tetrahedrons is low.  More...

--------------------------------------------------------------------------------
  ----------------------------------------------------------------------------
  Port   Mode   Type        Z-Wave        Z-Wave-Sigma  Z-Line        F-Cutoff
  1      1      UNDEF       0.365         0             ---           ---
  ----------------------------------------------------------------------------


--------------------------------------------------------------------------------
  ----------------------------------------------------------------------------
  Port   Mode   Type        Z-Wave        Z-Wave-Sigma  Z-Line        F-Cutoff
  2      1      UNDEF       0.478         0             ---           ---
  ----------------------------------------------------------------------------


--------------------------------------------------------------------------------
  ----------------------------------------------------------------------------
  Port   Mode   Type        Z-Wave        Z-Wave-Sigma  Z-Line        F-Cutoff
  3      1      UNDEF       0.5           0             ---           ---
  ----------------------------------------------------------------------------


--------------------------------------------------------------------------------
  ----------------------------------------------------------------------------
  Port   Mode   Type        Z-Wave        Z-Wave-Sigma  Z-Line        F-Cutoff
  4      1      UNDEF       0.487         0             ---           ---
  ----------------------------------------------------------------------------


--------------------------------------------------------------------------------
Adaptive mesh refinement pass 4

--------------------------------------------------------------------------------
  Matrix setup time        :	0 s
  Solver setup             :	1 s
  Degrees of freedom       :	42016
  Number of mesh cells     :	6409

  Stimulation port         :	1
  Mode number              :	1
  Accuracy                 :	1.05961e-12
  Iterations               :	1
  Solver time              :	0 s


--------------------------------------------------------------------------------
  Stimulation port         :	2
  Mode number              :	1
  Accuracy                 :	9.43603e-13
  Iterations               :	1
  Solver time              :	0 s


--------------------------------------------------------------------------------
  Stimulation port         :	3
  Mode number              :	1
  Accuracy                 :	1.33542e-12
  Iterations               :	1
  Solver time              :	0 s


--------------------------------------------------------------------------------
  Stimulation port         :	4
  Mode number              :	1
  Accuracy                 :	1.56248e-12
  Iterations               :	1
  Solver time              :	0 s


--------------------------------------------------------------------------------
  Delta calculation        
  All S-Parameters         :	0.0995701


--------------------------------------------------------------------------------
The quality of some tetrahedrons is low.  More...

--------------------------------------------------------------------------------
  ----------------------------------------------------------------------------
  Port   Mode   Type        Z-Wave        Z-Wave-Sigma  Z-Line        F-Cutoff
  1      1      UNDEF       0.365         0             ---           ---
  ----------------------------------------------------------------------------


--------------------------------------------------------------------------------
  ----------------------------------------------------------------------------
  Port   Mode   Type        Z-Wave        Z-Wave-Sigma  Z-Line        F-Cutoff
  2      1      UNDEF       0.48          0             ---           ---
  ----------------------------------------------------------------------------


--------------------------------------------------------------------------------
  ----------------------------------------------------------------------------
  Port   Mode   Type        Z-Wave        Z-Wave-Sigma  Z-Line        F-Cutoff
  3      1      UNDEF       0.372         0             ---           ---
  ----------------------------------------------------------------------------


--------------------------------------------------------------------------------
  ----------------------------------------------------------------------------
  Port   Mode   Type        Z-Wave        Z-Wave-Sigma  Z-Line        F-Cutoff
  4      1      UNDEF       0.487         0             ---           ---
  ----------------------------------------------------------------------------


--------------------------------------------------------------------------------
Adaptive mesh refinement pass 5

--------------------------------------------------------------------------------
  Matrix setup time        :	0 s
  Solver setup             :	1 s
  Degrees of freedom       :	49710
  Number of mesh cells     :	7560

  Stimulation port         :	1
  Mode number              :	1
  Accuracy                 :	1.12554e-12
  Iterations               :	1
  Solver time              :	0 s


--------------------------------------------------------------------------------
  Stimulation port         :	2
  Mode number              :	1
  Accuracy                 :	8.11208e-13
  Iterations               :	1
  Solver time              :	0 s


--------------------------------------------------------------------------------
  Stimulation port         :	3
  Mode number              :	1
  Accuracy                 :	7.97013e-13
  Iterations               :	1
  Solver time              :	0 s


--------------------------------------------------------------------------------
  Stimulation port         :	4
  Mode number              :	1
  Accuracy                 :	1.72287e-12
  Iterations               :	1
  Solver time              :	0 s


--------------------------------------------------------------------------------
  Delta calculation        
  All S-Parameters         :	0.0444695


--------------------------------------------------------------------------------
The quality of some tetrahedrons is low.  More...

--------------------------------------------------------------------------------
  ----------------------------------------------------------------------------
  Port   Mode   Type        Z-Wave        Z-Wave-Sigma  Z-Line        F-Cutoff
  1      1      UNDEF       0.373         0             ---           ---
  ----------------------------------------------------------------------------


--------------------------------------------------------------------------------
  ----------------------------------------------------------------------------
  Port   Mode   Type        Z-Wave        Z-Wave-Sigma  Z-Line        F-Cutoff
  2      1      UNDEF       0.391         0             ---           ---
  ----------------------------------------------------------------------------


--------------------------------------------------------------------------------
  ----------------------------------------------------------------------------
  Port   Mode   Type        Z-Wave        Z-Wave-Sigma  Z-Line        F-Cutoff
  3      1      UNDEF       0.499         0             ---           ---
  ----------------------------------------------------------------------------


--------------------------------------------------------------------------------
  ----------------------------------------------------------------------------
  Port   Mode   Type        Z-Wave        Z-Wave-Sigma  Z-Line        F-Cutoff
  4      1      UNDEF       0.488         0             ---           ---
  ----------------------------------------------------------------------------


--------------------------------------------------------------------------------
Adaptive mesh refinement pass 6

--------------------------------------------------------------------------------
  Matrix setup time        :	1 s
  Solver setup             :	1 s
  Degrees of freedom       :	52720
  Number of mesh cells     :	7990

  Stimulation port         :	1
  Mode number              :	1
  Accuracy                 :	1.69469e-12
  Iterations               :	1
  Solver time              :	0 s


--------------------------------------------------------------------------------
  Stimulation port         :	2
  Mode number              :	1
  Accuracy                 :	7.40918e-13
  Iterations               :	1
  Solver time              :	0 s


--------------------------------------------------------------------------------
  Stimulation port         :	3
  Mode number              :	1
  Accuracy                 :	6.74998e-13
  Iterations               :	1
  Solver time              :	0 s


--------------------------------------------------------------------------------
  Stimulation port         :	4
  Mode number              :	1
  Accuracy                 :	7.84731e-13
  Iterations               :	1
  Solver time              :	0 s


--------------------------------------------------------------------------------
  Delta calculation        
  All S-Parameters         :	0.0505583


--------------------------------------------------------------------------------
The quality of some tetrahedrons is low.  More...

--------------------------------------------------------------------------------
  ----------------------------------------------------------------------------
  Port   Mode   Type        Z-Wave        Z-Wave-Sigma  Z-Line        F-Cutoff
  1      1      UNDEF       0.508         0             ---           ---
  ----------------------------------------------------------------------------


--------------------------------------------------------------------------------
  ----------------------------------------------------------------------------
  Port   Mode   Type        Z-Wave        Z-Wave-Sigma  Z-Line        F-Cutoff
  2      1      UNDEF       0.477         0             ---           ---
  ----------------------------------------------------------------------------


--------------------------------------------------------------------------------
  ----------------------------------------------------------------------------
  Port   Mode   Type        Z-Wave        Z-Wave-Sigma  Z-Line        F-Cutoff
  3      1      UNDEF       0.517         0             ---           ---
  ----------------------------------------------------------------------------


--------------------------------------------------------------------------------
  ----------------------------------------------------------------------------
  Port   Mode   Type        Z-Wave        Z-Wave-Sigma  Z-Line        F-Cutoff
  4      1      UNDEF       0.478         0             ---           ---
  ----------------------------------------------------------------------------


--------------------------------------------------------------------------------
Adaptive mesh refinement pass 7

--------------------------------------------------------------------------------
  Matrix setup time        :	1 s
  Solver setup             :	1 s
  Degrees of freedom       :	55904
  Number of mesh cells     :	8433

  Stimulation port         :	1
  Mode number              :	1
  Accuracy                 :	6.54836e-13
  Iterations               :	1
  Solver time              :	0 s


--------------------------------------------------------------------------------
  Stimulation port         :	2
  Mode number              :	1
  Accuracy                 :	5.62814e-13
  Iterations               :	1
  Solver time              :	0 s


--------------------------------------------------------------------------------
  Stimulation port         :	3
  Mode number              :	1
  Accuracy                 :	7.35969e-13
  Iterations               :	1
  Solver time              :	0 s


--------------------------------------------------------------------------------
  Stimulation port         :	4
  Mode number              :	1
  Accuracy                 :	1.16433e-12
  Iterations               :	1
  Solver time              :	0 s


--------------------------------------------------------------------------------
  Delta calculation        
  All S-Parameters         :	0.04619


--------------------------------------------------------------------------------
The quality of some tetrahedrons is low.  More...

--------------------------------------------------------------------------------
  ----------------------------------------------------------------------------
  Port   Mode   Type        Z-Wave        Z-Wave-Sigma  Z-Line        F-Cutoff
  1      1      UNDEF       0.455         0             ---           ---
  ----------------------------------------------------------------------------


--------------------------------------------------------------------------------
  ----------------------------------------------------------------------------
  Port   Mode   Type        Z-Wave        Z-Wave-Sigma  Z-Line        F-Cutoff
  2      1      UNDEF       0.551         0             ---           ---
  ----------------------------------------------------------------------------


--------------------------------------------------------------------------------
  ----------------------------------------------------------------------------
  Port   Mode   Type        Z-Wave        Z-Wave-Sigma  Z-Line        F-Cutoff
  3      1      UNDEF       0.574         0             ---           ---
  ----------------------------------------------------------------------------


--------------------------------------------------------------------------------
  ----------------------------------------------------------------------------
  Port   Mode   Type        Z-Wave        Z-Wave-Sigma  Z-Line        F-Cutoff
  4      1      UNDEF       0.413         0             ---           ---
  ----------------------------------------------------------------------------


--------------------------------------------------------------------------------
Adaptive mesh refinement pass 8

--------------------------------------------------------------------------------
  Matrix setup time        :	0 s
  Solver setup             :	1 s
  Degrees of freedom       :	59438
  Number of mesh cells     :	8921

  Stimulation port         :	1
  Mode number              :	1
  Accuracy                 :	8.70124e-13
  Iterations               :	1
  Solver time              :	1 s


--------------------------------------------------------------------------------
  Stimulation port         :	2
  Mode number              :	1
  Accuracy                 :	7.43714e-13
  Iterations               :	1
  Solver time              :	1 s


--------------------------------------------------------------------------------
  Stimulation port         :	3
  Mode number              :	1
  Accuracy                 :	7.58918e-13
  Iterations               :	1
  Solver time              :	0 s


--------------------------------------------------------------------------------
  Stimulation port         :	4
  Mode number              :	1
  Accuracy                 :	1.25417e-12
  Iterations               :	1
  Solver time              :	0 s


--------------------------------------------------------------------------------
  Delta calculation        
  All S-Parameters         :	0.050924


--------------------------------------------------------------------------------
The quality of some tetrahedrons is low.  More...

--------------------------------------------------------------------------------
  ----------------------------------------------------------------------------
  Port   Mode   Type        Z-Wave        Z-Wave-Sigma  Z-Line        F-Cutoff
  1      1      UNDEF       0.452         0             ---           ---
  ----------------------------------------------------------------------------


--------------------------------------------------------------------------------
  ----------------------------------------------------------------------------
  Port   Mode   Type        Z-Wave        Z-Wave-Sigma  Z-Line        F-Cutoff
  2      1      UNDEF       0.547         0             ---           ---
  ----------------------------------------------------------------------------


--------------------------------------------------------------------------------
  ----------------------------------------------------------------------------
  Port   Mode   Type        Z-Wave        Z-Wave-Sigma  Z-Line        F-Cutoff
  3      1      UNDEF       0.58          0             ---           ---
  ----------------------------------------------------------------------------


--------------------------------------------------------------------------------
  ----------------------------------------------------------------------------
  Port   Mode   Type        Z-Wave        Z-Wave-Sigma  Z-Line        F-Cutoff
  4      1      UNDEF       0.446         0             ---           ---
  ----------------------------------------------------------------------------


--------------------------------------------------------------------------------
Adaptive mesh refinement pass 9

--------------------------------------------------------------------------------
  Matrix setup time        :	1 s
  Solver setup             :	1 s
  Degrees of freedom       :	66652
  Number of mesh cells     :	9972

  Stimulation port         :	1
  Mode number              :	1
  Accuracy                 :	7.4992e-13
  Iterations               :	1
  Solver time              :	0 s


--------------------------------------------------------------------------------
  Stimulation port         :	2
  Mode number              :	1
  Accuracy                 :	1.16844e-12
  Iterations               :	1
  Solver time              :	0 s


--------------------------------------------------------------------------------
  Stimulation port         :	3
  Mode number              :	1
  Accuracy                 :	4.95527e-13
  Iterations               :	1
  Solver time              :	0 s


--------------------------------------------------------------------------------
  Stimulation port         :	4
  Mode number              :	1
  Accuracy                 :	1.22655e-12
  Iterations               :	1
  Solver time              :	0 s


--------------------------------------------------------------------------------
  Delta calculation        
  All S-Parameters         :	0.0249231


--------------------------------------------------------------------------------
The quality of some tetrahedrons is low.  More...

--------------------------------------------------------------------------------
  ----------------------------------------------------------------------------
  Port   Mode   Type        Z-Wave        Z-Wave-Sigma  Z-Line        F-Cutoff
  1      1      UNDEF       0.401         0             ---           ---
  ----------------------------------------------------------------------------


--------------------------------------------------------------------------------
  ----------------------------------------------------------------------------
  Port   Mode   Type        Z-Wave        Z-Wave-Sigma  Z-Line        F-Cutoff
  2      1      UNDEF       0.548         0             ---           ---
  ----------------------------------------------------------------------------


--------------------------------------------------------------------------------
  ----------------------------------------------------------------------------
  Port   Mode   Type        Z-Wave        Z-Wave-Sigma  Z-Line        F-Cutoff
  3      1      UNDEF       0.461         0             ---           ---
  ----------------------------------------------------------------------------


--------------------------------------------------------------------------------
  ----------------------------------------------------------------------------
  Port   Mode   Type        Z-Wave        Z-Wave-Sigma  Z-Line        F-Cutoff
  4      1      UNDEF       0.367         0             ---           ---
  ----------------------------------------------------------------------------


--------------------------------------------------------------------------------
Adaptive mesh refinement pass 10

--------------------------------------------------------------------------------
  Matrix setup time        :	1 s
  Solver setup             :	1 s
  Degrees of freedom       :	71448
  Number of mesh cells     :	10659

  Stimulation port         :	1
  Mode number              :	1
  Accuracy                 :	9.72519e-13
  Iterations               :	1
  Solver time              :	0 s


--------------------------------------------------------------------------------
  Stimulation port         :	2
  Mode number              :	1
  Accuracy                 :	6.17077e-13
  Iterations               :	1
  Solver time              :	0 s


--------------------------------------------------------------------------------
  Stimulation port         :	3
  Mode number              :	1
  Accuracy                 :	7.04138e-13
  Iterations               :	1
  Solver time              :	0 s


--------------------------------------------------------------------------------
  Stimulation port         :	4
  Mode number              :	1
  Accuracy                 :	1.17055e-12
  Iterations               :	1
  Solver time              :	0 s


--------------------------------------------------------------------------------
  Delta calculation        
  All S-Parameters         :	0.0505738


--------------------------------------------------------------------------------
*** Warning ***

Mesh adaptation terminated because the maximum number of passes is reached.

--------------------------------------------------------------------------------
  Generating results       :	1 s

  Total time               :	45 s

--------------------------------------------------------------------------------


--------------------------------------------------------------------------------
Port 1 evaluated using broadband port mode solver.

--------------------------------------------------------------------------------
Port 2 evaluated using broadband port mode solver.

--------------------------------------------------------------------------------
Port 3 evaluated using broadband port mode solver.

--------------------------------------------------------------------------------
Port 4 evaluated using broadband port mode solver.

--------------------------------------------------------------------------------
  ----------------------------------------------------------------------------
  Port   Mode   Type        Z-Wave        Z-Wave-Sigma  Z-Line        F-Cutoff
  1      1      UNDEF       21.2          0.0289        ---           ---
  ----------------------------------------------------------------------------


--------------------------------------------------------------------------------
  ----------------------------------------------------------------------------
  Port   Mode   Type        Z-Wave        Z-Wave-Sigma  Z-Line        F-Cutoff
  2      1      UNDEF       21.2          0.0277        ---           ---
  ----------------------------------------------------------------------------


--------------------------------------------------------------------------------
  ----------------------------------------------------------------------------
  Port   Mode   Type        Z-Wave        Z-Wave-Sigma  Z-Line        F-Cutoff
  3      1      UNDEF       21.3          0.0299        ---           ---
  ----------------------------------------------------------------------------


--------------------------------------------------------------------------------
  ----------------------------------------------------------------------------
  Port   Mode   Type        Z-Wave        Z-Wave-Sigma  Z-Line        F-Cutoff
  4      1      UNDEF       21.4          0.021         ---           ---
  ----------------------------------------------------------------------------


--------------------------------------------------------------------------------
  Total Solver Time        :	55 s
                            	     (mesh generation and adaptation only)
================================================================================



--------------------------------------------------------------------------------
Calculating remaining monitors.

--------------------------------------------------------------------------------
  ----------------------------------------------------------------------------
                      Peak memory used (kB)         Free physical memory (kB) 
                                                    At begin     Minimum      
  ----------------------------------------------------------------------------
  Solver start        15600                         1495860      1495532      
  Eq. system setup    286532                        1502996      1392284      
  Eq. system solve    304200                        1493640      1273908      
  Mesh refinement     304200                        1482876      1385712      
  Solver run total    304200                        1495868      1273908      

  Computer name       DESKTOP-K9KGS90

      * Statistics data for the general purpose solver's mesh adaptation only
  ----------------------------------------------------------------------------


--------------------------------------------------------------------------------

================================================================================
Frequency Domain Solver calculation cycle started

--------------------------------------------------------------------------------
Solver started at: 02:53 PM Tuesday, 20. November 2018

  Module:  Frequency Domain: S-Parameter (MOR) (Win 64)
  Version: 2018.0 Release from 2017-10-26 (change 556462)

--------------------------------------------------------------------------------
Broadband Frequency Sweep

--------------------------------------------------------------------------------
Calculating reduced order model.

--------------------------------------------------------------------------------
Start post-processing

--------------------------------------------------------------------------------


Solver Statistics:

  ----------------------------------------------------------------------------
                      Peak memory used (kB)         Free physical memory (kB) 
                                                    At begin     Minimum      
  ----------------------------------------------------------------------------
  Solver start        14416                         1431624      1431336      
  Solver run total    465344                        1432696      1000224      

  Computer name       DESKTOP-K9KGS90

      * Statistics data for the fast reduced order model broadband sweep only
  ----------------------------------------------------------------------------

  Mesh generation time     :	2 s
  Mesh adaptation time     :	53 s
  Port reduced order model :	12 s
  Fast reduced order model :	14 s

  Total Solver Time        :	81 s	 (= 0 h, 01 m, 21 s)


--------------------------------------------------------------------------------
