Unknown:
C:\Users\bruno\AppData\Local\Temp\CSTDE1\Temp\DE\Untitled_0\Result\Estimate (#0004).err
C:\Users\bruno\AppData\Local\Temp\CSTDE1\Temp\DE\Untitled_0\Result\mesh.tfo
C:\Users\bruno\AppData\Local\Temp\CSTDE1\Temp\DE\Untitled_0\Result\Model.inf
C:\Users\bruno\AppData\Local\Temp\CSTDE1\Temp\DE\Untitled_0\Result\Model.log
C:\Users\bruno\AppData\Local\Temp\CSTDE1\Temp\DE\Untitled_0\Result\Model.sa
C:\Users\bruno\AppData\Local\Temp\CSTDE1\Temp\DE\Untitled_0\Result\Port1.rom
C:\Users\bruno\AppData\Local\Temp\CSTDE1\Temp\DE\Untitled_0\Result\Port1_e1(#0000).sct
C:\Users\bruno\AppData\Local\Temp\CSTDE1\Temp\DE\Untitled_0\Result\Port1_e1(#0004).sct
C:\Users\bruno\AppData\Local\Temp\CSTDE1\Temp\DE\Untitled_0\Result\Port1_e1_pmm_1.tfo
C:\Users\bruno\AppData\Local\Temp\CSTDE1\Temp\DE\Untitled_0\Result\Port1_e1_pmm_14.tfo
C:\Users\bruno\AppData\Local\Temp\CSTDE1\Temp\DE\Untitled_0\Result\Port1_e1_pmm_15.5.tfo
C:\Users\bruno\AppData\Local\Temp\CSTDE1\Temp\DE\Untitled_0\Result\Port1_e1_pmm_22.75.tfo
C:\Users\bruno\AppData\Local\Temp\CSTDE1\Temp\DE\Untitled_0\Result\Port1_e1_pmm_8.25.tfo
C:\Users\bruno\AppData\Local\Temp\CSTDE1\Temp\DE\Untitled_0\Result\Port1_eInfo1(#0000).pmf
C:\Users\bruno\AppData\Local\Temp\CSTDE1\Temp\DE\Untitled_0\Result\Port1_eInfo1(#0004).pmf
C:\Users\bruno\AppData\Local\Temp\CSTDE1\Temp\DE\Untitled_0\Result\Port1_h1(#0000).sct
C:\Users\bruno\AppData\Local\Temp\CSTDE1\Temp\DE\Untitled_0\Result\Port1_h1(#0004).sct
C:\Users\bruno\AppData\Local\Temp\CSTDE1\Temp\DE\Untitled_0\Result\Port1_h1_pmm_1.tfo
C:\Users\bruno\AppData\Local\Temp\CSTDE1\Temp\DE\Untitled_0\Result\Port1_h1_pmm_14.tfo
C:\Users\bruno\AppData\Local\Temp\CSTDE1\Temp\DE\Untitled_0\Result\Port1_h1_pmm_15.5.tfo
C:\Users\bruno\AppData\Local\Temp\CSTDE1\Temp\DE\Untitled_0\Result\Port1_h1_pmm_22.75.tfo
C:\Users\bruno\AppData\Local\Temp\CSTDE1\Temp\DE\Untitled_0\Result\Port1_h1_pmm_8.25.tfo
C:\Users\bruno\AppData\Local\Temp\CSTDE1\Temp\DE\Untitled_0\Result\Port1_hInfo1(#0000).pmf
C:\Users\bruno\AppData\Local\Temp\CSTDE1\Temp\DE\Untitled_0\Result\Port1_hInfo1(#0004).pmf
C:\Users\bruno\AppData\Local\Temp\CSTDE1\Temp\DE\Untitled_0\Result\Port2.rom
C:\Users\bruno\AppData\Local\Temp\CSTDE1\Temp\DE\Untitled_0\Result\Port2_e1(#0000).sct
C:\Users\bruno\AppData\Local\Temp\CSTDE1\Temp\DE\Untitled_0\Result\Port2_e1(#0004).sct
C:\Users\bruno\AppData\Local\Temp\CSTDE1\Temp\DE\Untitled_0\Result\Port2_e1_pmm_1.tfo
C:\Users\bruno\AppData\Local\Temp\CSTDE1\Temp\DE\Untitled_0\Result\Port2_e1_pmm_14.tfo
C:\Users\bruno\AppData\Local\Temp\CSTDE1\Temp\DE\Untitled_0\Result\Port2_e1_pmm_15.5.tfo
C:\Users\bruno\AppData\Local\Temp\CSTDE1\Temp\DE\Untitled_0\Result\Port2_e1_pmm_22.75.tfo
C:\Users\bruno\AppData\Local\Temp\CSTDE1\Temp\DE\Untitled_0\Result\Port2_e1_pmm_8.25.tfo
C:\Users\bruno\AppData\Local\Temp\CSTDE1\Temp\DE\Untitled_0\Result\Port2_eInfo1(#0000).pmf
C:\Users\bruno\AppData\Local\Temp\CSTDE1\Temp\DE\Untitled_0\Result\Port2_eInfo1(#0004).pmf
C:\Users\bruno\AppData\Local\Temp\CSTDE1\Temp\DE\Untitled_0\Result\Port2_h1(#0000).sct
C:\Users\bruno\AppData\Local\Temp\CSTDE1\Temp\DE\Untitled_0\Result\Port2_h1(#0004).sct
C:\Users\bruno\AppData\Local\Temp\CSTDE1\Temp\DE\Untitled_0\Result\Port2_h1_pmm_1.tfo
C:\Users\bruno\AppData\Local\Temp\CSTDE1\Temp\DE\Untitled_0\Result\Port2_h1_pmm_14.tfo
C:\Users\bruno\AppData\Local\Temp\CSTDE1\Temp\DE\Untitled_0\Result\Port2_h1_pmm_15.5.tfo
C:\Users\bruno\AppData\Local\Temp\CSTDE1\Temp\DE\Untitled_0\Result\Port2_h1_pmm_22.75.tfo
C:\Users\bruno\AppData\Local\Temp\CSTDE1\Temp\DE\Untitled_0\Result\Port2_h1_pmm_8.25.tfo
C:\Users\bruno\AppData\Local\Temp\CSTDE1\Temp\DE\Untitled_0\Result\Port2_hInfo1(#0000).pmf
C:\Users\bruno\AppData\Local\Temp\CSTDE1\Temp\DE\Untitled_0\Result\Port2_hInfo1(#0004).pmf
C:\Users\bruno\AppData\Local\Temp\CSTDE1\Temp\DE\Untitled_0\Result\SolCoef(#0004)_1(1).scf
C:\Users\bruno\AppData\Local\Temp\CSTDE1\Temp\DE\Untitled_0\Result\SolCoef(#0004)_2(1).scf
Mesh:
C:\Users\bruno\AppData\Local\Temp\CSTDE1\Temp\DE\Untitled_0\Result\3do.slim
C:\Users\bruno\AppData\Local\Temp\CSTDE1\Temp\DE\Untitled_0\Result\bad0.tet
C:\Users\bruno\AppData\Local\Temp\CSTDE1\Temp\DE\Untitled_0\Result\CellNameTo_ML_BGIDMap.tet
C:\Users\bruno\AppData\Local\Temp\CSTDE1\Temp\DE\Untitled_0\Result\Entities2Mesh.tet
C:\Users\bruno\AppData\Local\Temp\CSTDE1\Temp\DE\Untitled_0\Result\log.tet
C:\Users\bruno\AppData\Local\Temp\CSTDE1\Temp\DE\Untitled_0\Result\meshprops.tet
C:\Users\bruno\AppData\Local\Temp\CSTDE1\Temp\DE\Untitled_0\Result\mir.tet
C:\Users\bruno\AppData\Local\Temp\CSTDE1\Temp\DE\Untitled_0\Result\ML_BGID_To_ZStart_Map.tet
C:\Users\bruno\AppData\Local\Temp\CSTDE1\Temp\DE\Untitled_0\Result\Model.mss
C:\Users\bruno\AppData\Local\Temp\CSTDE1\Temp\DE\Untitled_0\Result\moegeom.tet
C:\Users\bruno\AppData\Local\Temp\CSTDE1\Temp\DE\Untitled_0\Result\Port1.slim
C:\Users\bruno\AppData\Local\Temp\CSTDE1\Temp\DE\Untitled_0\Result\Port2.slim
C:\Users\bruno\AppData\Local\Temp\CSTDE1\Temp\DE\Untitled_0\Result\refinementparents.tet
C:\Users\bruno\AppData\Local\Temp\CSTDE1\Temp\DE\Untitled_0\Result\reftags.tet
C:\Users\bruno\AppData\Local\Temp\CSTDE1\Temp\DE\Untitled_0\Result\tetquality.tet
C:\Users\bruno\AppData\Local\Temp\CSTDE1\Temp\DE\Untitled_0\Result\topot.tet
Port:
C:\Users\bruno\AppData\Local\Temp\CSTDE1\Temp\DE\Untitled_0\Result\Model.pmi
